<?xml version="1.0" encoding="UTF-8"?>
<!-- Generated by org.testng.reporters.JUnitReportReporter -->
<testsuite skipped="0" hostname="DESKTOP-74P5QV7" name="qaclickacademy.AppiumTest" tests="2" failures="0" timestamp="2020-04-18T21:19:00 IST" time="0.011" errors="0">
  <testcase name="IOSApps" time="0.010" classname="qaclickacademy.AppiumTest"/>
  <system-out/>
  <testcase name="NativeAppAndroid" time="0.001" classname="qaclickacademy.AppiumTest"/>
  <system-out/>
</testsuite> <!-- qaclickacademy.AppiumTest -->
