<?xml version="1.0" encoding="UTF-8"?>
<!-- Generated by org.testng.reporters.JUnitReportReporter -->
<testsuite skipped="0" hostname="DESKTOP-74P5QV7" name="qaclickacademy.SeleniumTest" tests="2" failures="0" timestamp="2020-04-18T21:19:00 IST" time="0.003" errors="0">
  <testcase name="elementsUI" time="0.002" classname="qaclickacademy.SeleniumTest"/>
  <system-out/>
  <testcase name="BrowserAutomation" time="0.001" classname="qaclickacademy.SeleniumTest"/>
  <system-out/>
</testsuite> <!-- qaclickacademy.SeleniumTest -->
