<?xml version="1.0" encoding="UTF-8"?>
<!-- Generated by org.testng.reporters.JUnitReportReporter -->
<testsuite skipped="0" hostname="DESKTOP-74P5QV7" name="qaclickacademy.AppiumTest" tests="2" failures="0" timestamp="2020-04-18T21:51:40 IST" time="0.007" errors="0">
  <testcase name="IOSApps" time="0.007" classname="qaclickacademy.AppiumTest"/>
  <testcase name="NativeAppAndroid" time="0.000" classname="qaclickacademy.AppiumTest"/>
</testsuite> <!-- qaclickacademy.AppiumTest -->
